WARN  file: Method:<init>() Line:24 - User has not been found
WARN  file: Method:addSweet() Line:75 - Can`t add empty sweet
WARN  file: Method:removeSweet() Line:86 - Can`t remove empty sweet
WARN  file: Method:removeSweet() Line:86 - Can`t remove empty sweet
WARN  file: Method:validateUser() Line:161 - Invalid user!
WARN  file: Method:showGiftByOwner() Line:41 - Invalid user!
WARN  file: Method:validateUser() Line:161 - Invalid user!
WARN  file: Method:validateUser() Line:161 - Invalid user!
WARN  file: Method:showSweetsBySugarContentRange() Line:101 - You have empty values in range!
WARN  file: Method:validateUser() Line:161 - Invalid user!
WARN  file: Method:showSweetsBySugarContentRange() Line:121 - There is no gift by this id
WARN  file: Method:sortSweetsBySugarContent() Line:62 - There is no gift by this id
WARN  file: Method:sortSweetsByWeight() Line:92 - There is no gift by this id
WARN  file: Method:addSweet() Line:133 - There is no gift by this id
WARN  file: Method:validateUser() Line:161 - Invalid user!
WARN  file: Method:sortSweetsByPrice() Line:77 - There is no gift by this id
WARN  file: Method:removeSweet() Line:146 - There is no gift by this id
WARN  file: Method:showSweetsBySugarContentRange() Line:101 - You have empty values in range!
WARN  file: Method:validateUser() Line:161 - Invalid user!
WARN  file: Method:lambda$deleteByOwner$1() Line:154 - This user has not gift!
WARN  file: Method:showSweetsBySugarContentRange() Line:105 - You chose invalid range!
WARN  file: Method:addSweet() Line:133 - There is no gift by this id
WARN  file: Method:lambda$showGiftByOwner$0() Line:46 - This user has not gift!
WARN  file: Method:validateUser() Line:158 - Invalid user!
WARN  file: Method:validateUser() Line:158 - Invalid user!
WARN  file: Method:validateUser() Line:158 - Invalid user!
WARN  file: Method:validateUser() Line:158 - Invalid user!
WARN  file: Method:showSweetsBySugarContentRange() Line:98 - You have empty values in range!
WARN  file: Method:validateUser() Line:158 - Invalid user!
WARN  file: Method:showSweetsBySugarContentRange() Line:118 - There is no gift by this user
WARN  file: Method:sortSweetsBySugarContent() Line:59 - There is no gift by this user
WARN  file: Method:sortSweetsByWeight() Line:89 - There is no gift by this user
WARN  file: Method:addSweet() Line:130 - There is no gift by this user
WARN  file: Method:validateUser() Line:158 - Invalid user!
WARN  file: Method:sortSweetsByPrice() Line:74 - There is no gift by this user
WARN  file: Method:removeSweet() Line:143 - There is no gift by this user
WARN  file: Method:showSweetsBySugarContentRange() Line:98 - You have empty values in range!
WARN  file: Method:validateUser() Line:158 - Invalid user!
WARN  file: Method:lambda$deleteByOwner$1() Line:151 - This user has not gift!
WARN  file: Method:showSweetsBySugarContentRange() Line:102 - You chose invalid range!
WARN  file: Method:addSweet() Line:130 - There is no gift by this user
WARN  file: Method:lambda$showGiftByOwner$0() Line:43 - This user has not gift!
WARN  file: Method:validateUser() Line:158 - Invalid user!
WARN  file: Method:validateUser() Line:158 - Invalid user!
WARN  file: Method:validateUser() Line:158 - Invalid user!
WARN  file: Method:validateUser() Line:158 - Invalid user!
WARN  file: Method:showSweetsBySugarContentRange() Line:98 - You have empty values in range!
WARN  file: Method:validateUser() Line:158 - Invalid user!
WARN  file: Method:showSweetsBySugarContentRange() Line:118 - There is no gift by this user
WARN  file: Method:sortSweetsBySugarContent() Line:59 - There is no gift by this user
WARN  file: Method:sortSweetsByWeight() Line:89 - There is no gift by this user
WARN  file: Method:addSweet() Line:130 - There is no gift by this user
WARN  file: Method:validateUser() Line:158 - Invalid user!
WARN  file: Method:sortSweetsByPrice() Line:74 - There is no gift by this user
WARN  file: Method:removeSweet() Line:143 - There is no gift by this user
WARN  file: Method:showSweetsBySugarContentRange() Line:98 - You have empty values in range!
WARN  file: Method:validateUser() Line:158 - Invalid user!
WARN  file: Method:lambda$deleteByOwner$1() Line:151 - This user has not gift!
WARN  file: Method:showSweetsBySugarContentRange() Line:102 - You chose invalid range!
WARN  file: Method:lambda$showGiftByOwner$0() Line:43 - This user has not gift!
WARN  file: Method:validateUser() Line:158 - Invalid user!
WARN  file: Method:showSweetsBySugarContentRange() Line:98 - You have empty values in range!
WARN  file: Method:validateUser() Line:158 - Invalid user!
WARN  file: Method:showSweetsBySugarContentRange() Line:118 - There is no gift by this user
WARN  file: Method:sortSweetsBySugarContent() Line:59 - There is no gift by this user
WARN  file: Method:sortSweetsByWeight() Line:89 - There is no gift by this user
WARN  file: Method:addSweet() Line:130 - There is no gift by this user
WARN  file: Method:sortSweetsByPrice() Line:74 - There is no gift by this user
WARN  file: Method:validateUser() Line:158 - Invalid user!
WARN  file: Method:removeSweet() Line:143 - There is no gift by this user
WARN  file: Method:validateUser() Line:158 - Invalid user!
WARN  file: Method:validateUser() Line:158 - Invalid user!
WARN  file: Method:validateUser() Line:158 - Invalid user!
WARN  file: Method:showSweetsBySugarContentRange() Line:98 - You have empty values in range!
WARN  file: Method:lambda$deleteByOwner$1() Line:151 - This user has not gift!
WARN  file: Method:showSweetsBySugarContentRange() Line:102 - You chose invalid range!
WARN  file: Method:validateUser() Line:158 - Invalid user!
WARN  file: Method:lambda$showGiftByOwner$0() Line:43 - This user has not gift!
